<?xml version="1.0" encoding="UTF-8"?>
<testsuite name="APItest"
           tests="4"
           failures="4"
           errors="0"
           skipped="0"
           time="1.093">
  <properties />
            <testcase name="getnonExistingCountries" time="0.015" classname="GetCountries.GetCountriesDetails">
                <failure type="java.net.UnknownHostException"
                  message="services.groupkt.com"
              >
<![CDATA[java.net.UnknownHostException: services.groupkt.com
  java.net.InetAddress.getAllByName0(InetAddress.java:1280)
  java.net.InetAddress.getAllByName(InetAddress.java:1192)
  java.net.InetAddress.getAllByName(InetAddress.java:1126)
  org.apache.http.impl.conn.SystemDefaultDnsResolver.resolve(SystemDefaultDnsResolver.java:45)
  org.apache.http.impl.conn.DefaultClientConnectionOperator.resolveHostname(DefaultClientConnectionOperator.java:263)
  org.apache.http.impl.conn.DefaultClientConnectionOperator.openConnection(DefaultClientConnectionOperator.java:162)
  org.apache.http.impl.conn.ManagedClientConnectionImpl.open(ManagedClientConnectionImpl.java:326)
  org.apache.http.impl.client.DefaultRequestDirector.tryConnect(DefaultRequestDirector.java:610)
  org.apache.http.impl.client.DefaultRequestDirector.execute(DefaultRequestDirector.java:445)
  org.apache.http.impl.client.AbstractHttpClient.doExecute(AbstractHttpClient.java:835)
  org.apache.http.impl.client.CloseableHttpClient.execute(CloseableHttpClient.java:83)
  org.apache.http.impl.client.CloseableHttpClient.execute(CloseableHttpClient.java:56)
  org.apache.http.client.HttpClient$execute$0.call(Unknown Source)
  io.restassured.internal.RequestSpecificationImpl$RestAssuredHttpBuilder.doRequest(RequestSpecificationImpl.groovy:2146)
  io.restassured.internal.http.HTTPBuilder.doRequest(HTTPBuilder.java:494)
  io.restassured.internal.http.HTTPBuilder.request(HTTPBuilder.java:451)
  io.restassured.internal.http.HTTPBuilder$request$2.call(Unknown Source)
  io.restassured.internal.RequestSpecificationImpl.sendHttpRequest(RequestSpecificationImpl.groovy:1544)
  sun.reflect.NativeMethodAccessorImpl.invoke0(Native Method)
  sun.reflect.NativeMethodAccessorImpl.invoke(NativeMethodAccessorImpl.java:62)
  sun.reflect.DelegatingMethodAccessorImpl.invoke(DelegatingMethodAccessorImpl.java:43)
  java.lang.reflect.Method.invoke(Method.java:498)
  org.codehaus.groovy.reflection.CachedMethod.invoke(CachedMethod.java:98)
  groovy.lang.MetaMethod.doMethodInvoke(MetaMethod.java:325)
  groovy.lang.MetaClassImpl.invokeMethod(MetaClassImpl.java:1225)
  groovy.lang.MetaClassImpl.invokeMethod(MetaClassImpl.java:1034)
  groovy.lang.MetaClassImpl.invokeMethod(MetaClassImpl.java:822)
  io.restassured.internal.RequestSpecificationImpl.invokeMethod(RequestSpecificationImpl.groovy)
  org.codehaus.groovy.runtime.callsite.PogoInterceptableSite.call(PogoInterceptableSite.java:47)
  org.codehaus.groovy.runtime.callsite.PogoInterceptableSite.callCurrent(PogoInterceptableSite.java:57)
  io.restassured.internal.RequestSpecificationImpl.sendRequest(RequestSpecificationImpl.groovy:1293)
  sun.reflect.NativeMethodAccessorImpl.invoke0(Native Method)
  sun.reflect.NativeMethodAccessorImpl.invoke(NativeMethodAccessorImpl.java:62)
  sun.reflect.DelegatingMethodAccessorImpl.invoke(DelegatingMethodAccessorImpl.java:43)
  java.lang.reflect.Method.invoke(Method.java:498)
  org.codehaus.groovy.reflection.CachedMethod.invoke(CachedMethod.java:98)
  groovy.lang.MetaMethod.doMethodInvoke(MetaMethod.java:325)
  groovy.lang.MetaClassImpl.invokeMethod(MetaClassImpl.java:1225)
  groovy.lang.MetaClassImpl.invokeMethod(MetaClassImpl.java:1034)
  groovy.lang.MetaClassImpl.invokeMethod(MetaClassImpl.java:822)
  io.restassured.internal.RequestSpecificationImpl.invokeMethod(RequestSpecificationImpl.groovy)
  org.codehaus.groovy.runtime.callsite.PogoInterceptableSite.call(PogoInterceptableSite.java:47)
  org.codehaus.groovy.runtime.callsite.AbstractCallSite.call(AbstractCallSite.java:152)
  io.restassured.internal.filter.SendRequestFilter.filter(SendRequestFilter.groovy:30)
  io.restassured.filter.Filter$filter$0.call(Unknown Source)
  org.codehaus.groovy.runtime.callsite.CallSiteArray.defaultCall(CallSiteArray.java:47)
  io.restassured.filter.Filter$filter.call(Unknown Source)
  io.restassured.internal.filter.FilterContextImpl.next(FilterContextImpl.groovy:72)
  io.restassured.filter.time.TimingFilter.filter(TimingFilter.java:56)
  io.restassured.filter.Filter$filter.call(Unknown Source)
  org.codehaus.groovy.runtime.callsite.CallSiteArray.defaultCall(CallSiteArray.java:47)
  io.restassured.filter.Filter$filter$0.call(Unknown Source)
  io.restassured.internal.filter.FilterContextImpl.next(FilterContextImpl.groovy:72)
  io.restassured.filter.FilterContext$next.call(Unknown Source)
  io.restassured.internal.RequestSpecificationImpl.applyPathParamsAndSendRequest(RequestSpecificationImpl.groovy:1749)
  sun.reflect.NativeMethodAccessorImpl.invoke0(Native Method)
  sun.reflect.NativeMethodAccessorImpl.invoke(NativeMethodAccessorImpl.java:62)
  sun.reflect.DelegatingMethodAccessorImpl.invoke(DelegatingMethodAccessorImpl.java:43)
  java.lang.reflect.Method.invoke(Method.java:498)
  org.codehaus.groovy.reflection.CachedMethod.invoke(CachedMethod.java:98)
  groovy.lang.MetaMethod.doMethodInvoke(MetaMethod.java:325)
  groovy.lang.MetaClassImpl.invokeMethod(MetaClassImpl.java:1225)
  groovy.lang.MetaClassImpl.invokeMethod(MetaClassImpl.java:1034)
  groovy.lang.MetaClassImpl.invokeMethod(MetaClassImpl.java:822)
  io.restassured.internal.RequestSpecificationImpl.invokeMethod(RequestSpecificationImpl.groovy)
  org.codehaus.groovy.runtime.callsite.PogoInterceptableSite.call(PogoInterceptableSite.java:47)
  org.codehaus.groovy.runtime.callsite.PogoInterceptableSite.callCurrent(PogoInterceptableSite.java:57)
  org.codehaus.groovy.runtime.callsite.AbstractCallSite.callCurrent(AbstractCallSite.java:185)
  io.restassured.internal.RequestSpecificationImpl.applyPathParamsAndSendRequest(RequestSpecificationImpl.groovy:1755)
  sun.reflect.NativeMethodAccessorImpl.invoke0(Native Method)
  sun.reflect.NativeMethodAccessorImpl.invoke(NativeMethodAccessorImpl.java:62)
  sun.reflect.DelegatingMethodAccessorImpl.invoke(DelegatingMethodAccessorImpl.java:43)
  java.lang.reflect.Method.invoke(Method.java:498)
  org.codehaus.groovy.reflection.CachedMethod.invoke(CachedMethod.java:98)
  groovy.lang.MetaMethod.doMethodInvoke(MetaMethod.java:325)
  groovy.lang.MetaClassImpl.invokeMethod(MetaClassImpl.java:1225)
  groovy.lang.MetaClassImpl.invokeMethod(MetaClassImpl.java:1034)
  groovy.lang.MetaClassImpl.invokeMethod(MetaClassImpl.java:822)
  io.restassured.internal.RequestSpecificationImpl.invokeMethod(RequestSpecificationImpl.groovy)
  org.codehaus.groovy.runtime.callsite.PogoInterceptableSite.call(PogoInterceptableSite.java:47)
  org.codehaus.groovy.runtime.callsite.PogoInterceptableSite.callCurrent(PogoInterceptableSite.java:57)
  org.codehaus.groovy.runtime.callsite.AbstractCallSite.callCurrent(AbstractCallSite.java:185)
  io.restassured.internal.RequestSpecificationImpl.get(RequestSpecificationImpl.groovy:171)
  io.restassured.internal.RequestSpecificationImpl.get(RequestSpecificationImpl.groovy)
  BaseTests.baseTests.requestSpec(baseTests.java:20)
  GetCountries.GetCountriesDetails.getnonExistingCountries(GetCountriesDetails.java:30)
  sun.reflect.NativeMethodAccessorImpl.invoke0(Native Method)
  sun.reflect.NativeMethodAccessorImpl.invoke(NativeMethodAccessorImpl.java:62)
  sun.reflect.DelegatingMethodAccessorImpl.invoke(DelegatingMethodAccessorImpl.java:43)
  java.lang.reflect.Method.invoke(Method.java:498)
  org.testng.internal.MethodInvocationHelper.invokeMethod(MethodInvocationHelper.java:124)
  org.testng.internal.Invoker.invokeMethod(Invoker.java:583)
  org.testng.internal.Invoker.invokeTestMethod(Invoker.java:719)
  org.testng.internal.Invoker.invokeTestMethods(Invoker.java:989)
  org.testng.internal.TestMethodWorker.invokeTestMethods(TestMethodWorker.java:125)
  org.testng.internal.TestMethodWorker.run(TestMethodWorker.java:109)
  org.testng.TestRunner.privateRun(TestRunner.java:648)
  org.testng.TestRunner.run(TestRunner.java:505)
  org.testng.SuiteRunner.runTest(SuiteRunner.java:455)
  org.testng.SuiteRunner.access$000(SuiteRunner.java:40)
  org.testng.SuiteRunner$SuiteWorker.run(SuiteRunner.java:489)
  org.testng.internal.thread.ThreadUtil$1.call(ThreadUtil.java:52)
  java.util.concurrent.FutureTask.run(FutureTask.java:266)
  java.util.concurrent.ThreadPoolExecutor.runWorker(ThreadPoolExecutor.java:1142)
  java.util.concurrent.ThreadPoolExecutor$Worker.run(ThreadPoolExecutor.java:617)
  java.lang.Thread.run(Thread.java:745)
]]>
      </failure>

          </testcase>
            <testcase name="addCountry" time="0.056" classname="GetCountries.GetCountriesDetails">
                <failure type="java.net.UnknownHostException"
                  message="services.groupkt.com"
              >
<![CDATA[java.net.UnknownHostException: services.groupkt.com
  java.net.InetAddress.getAllByName0(InetAddress.java:1280)
  java.net.InetAddress.getAllByName(InetAddress.java:1192)
  java.net.InetAddress.getAllByName(InetAddress.java:1126)
  org.apache.http.impl.conn.SystemDefaultDnsResolver.resolve(SystemDefaultDnsResolver.java:45)
  org.apache.http.impl.conn.DefaultClientConnectionOperator.resolveHostname(DefaultClientConnectionOperator.java:263)
  org.apache.http.impl.conn.DefaultClientConnectionOperator.openConnection(DefaultClientConnectionOperator.java:162)
  org.apache.http.impl.conn.ManagedClientConnectionImpl.open(ManagedClientConnectionImpl.java:326)
  org.apache.http.impl.client.DefaultRequestDirector.tryConnect(DefaultRequestDirector.java:610)
  org.apache.http.impl.client.DefaultRequestDirector.execute(DefaultRequestDirector.java:445)
  org.apache.http.impl.client.AbstractHttpClient.doExecute(AbstractHttpClient.java:835)
  org.apache.http.impl.client.CloseableHttpClient.execute(CloseableHttpClient.java:83)
  org.apache.http.impl.client.CloseableHttpClient.execute(CloseableHttpClient.java:56)
  org.apache.http.client.HttpClient$execute$0.call(Unknown Source)
  org.codehaus.groovy.runtime.callsite.CallSiteArray.defaultCall(CallSiteArray.java:47)
  org.apache.http.client.HttpClient$execute$0.call(Unknown Source)
  io.restassured.internal.RequestSpecificationImpl$RestAssuredHttpBuilder.doRequest(RequestSpecificationImpl.groovy:2146)
  io.restassured.internal.http.HTTPBuilder.doRequest(HTTPBuilder.java:494)
  io.restassured.internal.http.HTTPBuilder.request(HTTPBuilder.java:451)
  io.restassured.internal.http.HTTPBuilder$request$2.call(Unknown Source)
  io.restassured.internal.RequestSpecificationImpl.sendHttpRequest(RequestSpecificationImpl.groovy:1544)
  sun.reflect.NativeMethodAccessorImpl.invoke0(Native Method)
  sun.reflect.NativeMethodAccessorImpl.invoke(NativeMethodAccessorImpl.java:62)
  sun.reflect.DelegatingMethodAccessorImpl.invoke(DelegatingMethodAccessorImpl.java:43)
  java.lang.reflect.Method.invoke(Method.java:498)
  org.codehaus.groovy.reflection.CachedMethod.invoke(CachedMethod.java:98)
  groovy.lang.MetaMethod.doMethodInvoke(MetaMethod.java:325)
  groovy.lang.MetaClassImpl.invokeMethod(MetaClassImpl.java:1225)
  groovy.lang.MetaClassImpl.invokeMethod(MetaClassImpl.java:1034)
  groovy.lang.MetaClassImpl.invokeMethod(MetaClassImpl.java:822)
  io.restassured.internal.RequestSpecificationImpl.invokeMethod(RequestSpecificationImpl.groovy)
  org.codehaus.groovy.runtime.callsite.PogoInterceptableSite.call(PogoInterceptableSite.java:47)
  org.codehaus.groovy.runtime.callsite.PogoInterceptableSite.callCurrent(PogoInterceptableSite.java:57)
  io.restassured.internal.RequestSpecificationImpl.sendRequest(RequestSpecificationImpl.groovy:1293)
  sun.reflect.NativeMethodAccessorImpl.invoke0(Native Method)
  sun.reflect.NativeMethodAccessorImpl.invoke(NativeMethodAccessorImpl.java:62)
  sun.reflect.DelegatingMethodAccessorImpl.invoke(DelegatingMethodAccessorImpl.java:43)
  java.lang.reflect.Method.invoke(Method.java:498)
  org.codehaus.groovy.reflection.CachedMethod.invoke(CachedMethod.java:98)
  groovy.lang.MetaMethod.doMethodInvoke(MetaMethod.java:325)
  groovy.lang.MetaClassImpl.invokeMethod(MetaClassImpl.java:1225)
  groovy.lang.MetaClassImpl.invokeMethod(MetaClassImpl.java:1034)
  groovy.lang.MetaClassImpl.invokeMethod(MetaClassImpl.java:822)
  io.restassured.internal.RequestSpecificationImpl.invokeMethod(RequestSpecificationImpl.groovy)
  org.codehaus.groovy.runtime.callsite.PogoInterceptableSite.call(PogoInterceptableSite.java:47)
  org.codehaus.groovy.runtime.callsite.AbstractCallSite.call(AbstractCallSite.java:152)
  io.restassured.internal.filter.SendRequestFilter.filter(SendRequestFilter.groovy:30)
  io.restassured.filter.Filter$filter$0.call(Unknown Source)
  org.codehaus.groovy.runtime.callsite.CallSiteArray.defaultCall(CallSiteArray.java:47)
  io.restassured.filter.Filter$filter.call(Unknown Source)
  io.restassured.internal.filter.FilterContextImpl.next(FilterContextImpl.groovy:72)
  io.restassured.filter.time.TimingFilter.filter(TimingFilter.java:56)
  io.restassured.filter.Filter$filter.call(Unknown Source)
  org.codehaus.groovy.runtime.callsite.CallSiteArray.defaultCall(CallSiteArray.java:47)
  io.restassured.filter.Filter$filter$0.call(Unknown Source)
  io.restassured.internal.filter.FilterContextImpl.next(FilterContextImpl.groovy:72)
  io.restassured.filter.FilterContext$next.call(Unknown Source)
  io.restassured.internal.RequestSpecificationImpl.applyPathParamsAndSendRequest(RequestSpecificationImpl.groovy:1749)
  sun.reflect.NativeMethodAccessorImpl.invoke0(Native Method)
  sun.reflect.NativeMethodAccessorImpl.invoke(NativeMethodAccessorImpl.java:62)
  sun.reflect.DelegatingMethodAccessorImpl.invoke(DelegatingMethodAccessorImpl.java:43)
  java.lang.reflect.Method.invoke(Method.java:498)
  org.codehaus.groovy.reflection.CachedMethod.invoke(CachedMethod.java:98)
  groovy.lang.MetaMethod.doMethodInvoke(MetaMethod.java:325)
  groovy.lang.MetaClassImpl.invokeMethod(MetaClassImpl.java:1225)
  groovy.lang.MetaClassImpl.invokeMethod(MetaClassImpl.java:1034)
  groovy.lang.MetaClassImpl.invokeMethod(MetaClassImpl.java:822)
  io.restassured.internal.RequestSpecificationImpl.invokeMethod(RequestSpecificationImpl.groovy)
  org.codehaus.groovy.runtime.callsite.PogoInterceptableSite.call(PogoInterceptableSite.java:47)
  org.codehaus.groovy.runtime.callsite.PogoInterceptableSite.callCurrent(PogoInterceptableSite.java:57)
  org.codehaus.groovy.runtime.callsite.AbstractCallSite.callCurrent(AbstractCallSite.java:185)
  io.restassured.internal.RequestSpecificationImpl.applyPathParamsAndSendRequest(RequestSpecificationImpl.groovy:1755)
  sun.reflect.NativeMethodAccessorImpl.invoke0(Native Method)
  sun.reflect.NativeMethodAccessorImpl.invoke(NativeMethodAccessorImpl.java:62)
  sun.reflect.DelegatingMethodAccessorImpl.invoke(DelegatingMethodAccessorImpl.java:43)
  java.lang.reflect.Method.invoke(Method.java:498)
  org.codehaus.groovy.reflection.CachedMethod.invoke(CachedMethod.java:98)
  groovy.lang.MetaMethod.doMethodInvoke(MetaMethod.java:325)
  groovy.lang.MetaClassImpl.invokeMethod(MetaClassImpl.java:1225)
  groovy.lang.MetaClassImpl.invokeMethod(MetaClassImpl.java:1034)
  groovy.lang.MetaClassImpl.invokeMethod(MetaClassImpl.java:822)
  io.restassured.internal.RequestSpecificationImpl.invokeMethod(RequestSpecificationImpl.groovy)
  org.codehaus.groovy.runtime.callsite.PogoInterceptableSite.call(PogoInterceptableSite.java:47)
  org.codehaus.groovy.runtime.callsite.PogoInterceptableSite.callCurrent(PogoInterceptableSite.java:57)
  org.codehaus.groovy.runtime.callsite.AbstractCallSite.callCurrent(AbstractCallSite.java:185)
  io.restassured.internal.RequestSpecificationImpl.get(RequestSpecificationImpl.groovy:171)
  io.restassured.internal.RequestSpecificationImpl.get(RequestSpecificationImpl.groovy)
  BaseTests.baseTests.requestSpec(baseTests.java:20)
  GetCountries.GetCountriesDetails.addCountry(GetCountriesDetails.java:38)
  sun.reflect.NativeMethodAccessorImpl.invoke0(Native Method)
  sun.reflect.NativeMethodAccessorImpl.invoke(NativeMethodAccessorImpl.java:62)
  sun.reflect.DelegatingMethodAccessorImpl.invoke(DelegatingMethodAccessorImpl.java:43)
  java.lang.reflect.Method.invoke(Method.java:498)
  org.testng.internal.MethodInvocationHelper.invokeMethod(MethodInvocationHelper.java:124)
  org.testng.internal.Invoker.invokeMethod(Invoker.java:583)
  org.testng.internal.Invoker.invokeTestMethod(Invoker.java:719)
  org.testng.internal.Invoker.invokeTestMethods(Invoker.java:989)
  org.testng.internal.TestMethodWorker.invokeTestMethods(TestMethodWorker.java:125)
  org.testng.internal.TestMethodWorker.run(TestMethodWorker.java:109)
  org.testng.TestRunner.privateRun(TestRunner.java:648)
  org.testng.TestRunner.run(TestRunner.java:505)
  org.testng.SuiteRunner.runTest(SuiteRunner.java:455)
  org.testng.SuiteRunner.access$000(SuiteRunner.java:40)
  org.testng.SuiteRunner$SuiteWorker.run(SuiteRunner.java:489)
  org.testng.internal.thread.ThreadUtil$1.call(ThreadUtil.java:52)
  java.util.concurrent.FutureTask.run(FutureTask.java:266)
  java.util.concurrent.ThreadPoolExecutor.runWorker(ThreadPoolExecutor.java:1142)
  java.util.concurrent.ThreadPoolExecutor$Worker.run(ThreadPoolExecutor.java:617)
  java.lang.Thread.run(Thread.java:745)
]]>
      </failure>

          </testcase>
            <testcase name="getAll" time="0.003" classname="GetCountries.GetCountriesDetails">
                <failure type="java.net.UnknownHostException"
                  message="services.groupkt.com"
              >
<![CDATA[java.net.UnknownHostException: services.groupkt.com
  java.net.InetAddress.getAllByName0(InetAddress.java:1280)
  java.net.InetAddress.getAllByName(InetAddress.java:1192)
  java.net.InetAddress.getAllByName(InetAddress.java:1126)
  org.apache.http.impl.conn.SystemDefaultDnsResolver.resolve(SystemDefaultDnsResolver.java:45)
  org.apache.http.impl.conn.DefaultClientConnectionOperator.resolveHostname(DefaultClientConnectionOperator.java:263)
  org.apache.http.impl.conn.DefaultClientConnectionOperator.openConnection(DefaultClientConnectionOperator.java:162)
  org.apache.http.impl.conn.ManagedClientConnectionImpl.open(ManagedClientConnectionImpl.java:326)
  org.apache.http.impl.client.DefaultRequestDirector.tryConnect(DefaultRequestDirector.java:610)
  org.apache.http.impl.client.DefaultRequestDirector.execute(DefaultRequestDirector.java:445)
  org.apache.http.impl.client.AbstractHttpClient.doExecute(AbstractHttpClient.java:835)
  org.apache.http.impl.client.CloseableHttpClient.execute(CloseableHttpClient.java:83)
  org.apache.http.impl.client.CloseableHttpClient.execute(CloseableHttpClient.java:56)
  org.apache.http.client.HttpClient$execute$0.call(Unknown Source)
  io.restassured.internal.RequestSpecificationImpl$RestAssuredHttpBuilder.doRequest(RequestSpecificationImpl.groovy:2146)
  io.restassured.internal.http.HTTPBuilder.doRequest(HTTPBuilder.java:494)
  io.restassured.internal.http.HTTPBuilder.request(HTTPBuilder.java:451)
  io.restassured.internal.http.HTTPBuilder$request$2.call(Unknown Source)
  io.restassured.internal.RequestSpecificationImpl.sendHttpRequest(RequestSpecificationImpl.groovy:1544)
  sun.reflect.NativeMethodAccessorImpl.invoke0(Native Method)
  sun.reflect.NativeMethodAccessorImpl.invoke(NativeMethodAccessorImpl.java:62)
  sun.reflect.DelegatingMethodAccessorImpl.invoke(DelegatingMethodAccessorImpl.java:43)
  java.lang.reflect.Method.invoke(Method.java:498)
  org.codehaus.groovy.reflection.CachedMethod.invoke(CachedMethod.java:98)
  groovy.lang.MetaMethod.doMethodInvoke(MetaMethod.java:325)
  groovy.lang.MetaClassImpl.invokeMethod(MetaClassImpl.java:1225)
  groovy.lang.MetaClassImpl.invokeMethod(MetaClassImpl.java:1034)
  groovy.lang.MetaClassImpl.invokeMethod(MetaClassImpl.java:822)
  io.restassured.internal.RequestSpecificationImpl.invokeMethod(RequestSpecificationImpl.groovy)
  org.codehaus.groovy.runtime.callsite.PogoInterceptableSite.call(PogoInterceptableSite.java:47)
  org.codehaus.groovy.runtime.callsite.PogoInterceptableSite.callCurrent(PogoInterceptableSite.java:57)
  io.restassured.internal.RequestSpecificationImpl.sendRequest(RequestSpecificationImpl.groovy:1293)
  sun.reflect.NativeMethodAccessorImpl.invoke0(Native Method)
  sun.reflect.NativeMethodAccessorImpl.invoke(NativeMethodAccessorImpl.java:62)
  sun.reflect.DelegatingMethodAccessorImpl.invoke(DelegatingMethodAccessorImpl.java:43)
  java.lang.reflect.Method.invoke(Method.java:498)
  org.codehaus.groovy.reflection.CachedMethod.invoke(CachedMethod.java:98)
  groovy.lang.MetaMethod.doMethodInvoke(MetaMethod.java:325)
  groovy.lang.MetaClassImpl.invokeMethod(MetaClassImpl.java:1225)
  groovy.lang.MetaClassImpl.invokeMethod(MetaClassImpl.java:1034)
  groovy.lang.MetaClassImpl.invokeMethod(MetaClassImpl.java:822)
  io.restassured.internal.RequestSpecificationImpl.invokeMethod(RequestSpecificationImpl.groovy)
  org.codehaus.groovy.runtime.callsite.PogoInterceptableSite.call(PogoInterceptableSite.java:47)
  org.codehaus.groovy.runtime.callsite.AbstractCallSite.call(AbstractCallSite.java:152)
  io.restassured.internal.filter.SendRequestFilter.filter(SendRequestFilter.groovy:30)
  io.restassured.filter.Filter$filter$0.call(Unknown Source)
  org.codehaus.groovy.runtime.callsite.CallSiteArray.defaultCall(CallSiteArray.java:47)
  io.restassured.filter.Filter$filter.call(Unknown Source)
  io.restassured.internal.filter.FilterContextImpl.next(FilterContextImpl.groovy:72)
  io.restassured.filter.time.TimingFilter.filter(TimingFilter.java:56)
  io.restassured.filter.Filter$filter.call(Unknown Source)
  org.codehaus.groovy.runtime.callsite.CallSiteArray.defaultCall(CallSiteArray.java:47)
  io.restassured.filter.Filter$filter$0.call(Unknown Source)
  io.restassured.internal.filter.FilterContextImpl.next(FilterContextImpl.groovy:72)
  io.restassured.filter.FilterContext$next.call(Unknown Source)
  io.restassured.internal.RequestSpecificationImpl.applyPathParamsAndSendRequest(RequestSpecificationImpl.groovy:1749)
  sun.reflect.NativeMethodAccessorImpl.invoke0(Native Method)
  sun.reflect.NativeMethodAccessorImpl.invoke(NativeMethodAccessorImpl.java:62)
  sun.reflect.DelegatingMethodAccessorImpl.invoke(DelegatingMethodAccessorImpl.java:43)
  java.lang.reflect.Method.invoke(Method.java:498)
  org.codehaus.groovy.reflection.CachedMethod.invoke(CachedMethod.java:98)
  groovy.lang.MetaMethod.doMethodInvoke(MetaMethod.java:325)
  groovy.lang.MetaClassImpl.invokeMethod(MetaClassImpl.java:1225)
  groovy.lang.MetaClassImpl.invokeMethod(MetaClassImpl.java:1034)
  groovy.lang.MetaClassImpl.invokeMethod(MetaClassImpl.java:822)
  io.restassured.internal.RequestSpecificationImpl.invokeMethod(RequestSpecificationImpl.groovy)
  org.codehaus.groovy.runtime.callsite.PogoInterceptableSite.call(PogoInterceptableSite.java:47)
  org.codehaus.groovy.runtime.callsite.PogoInterceptableSite.callCurrent(PogoInterceptableSite.java:57)
  org.codehaus.groovy.runtime.callsite.AbstractCallSite.callCurrent(AbstractCallSite.java:185)
  io.restassured.internal.RequestSpecificationImpl.applyPathParamsAndSendRequest(RequestSpecificationImpl.groovy:1755)
  sun.reflect.NativeMethodAccessorImpl.invoke0(Native Method)
  sun.reflect.NativeMethodAccessorImpl.invoke(NativeMethodAccessorImpl.java:62)
  sun.reflect.DelegatingMethodAccessorImpl.invoke(DelegatingMethodAccessorImpl.java:43)
  java.lang.reflect.Method.invoke(Method.java:498)
  org.codehaus.groovy.reflection.CachedMethod.invoke(CachedMethod.java:98)
  groovy.lang.MetaMethod.doMethodInvoke(MetaMethod.java:325)
  groovy.lang.MetaClassImpl.invokeMethod(MetaClassImpl.java:1225)
  groovy.lang.MetaClassImpl.invokeMethod(MetaClassImpl.java:1034)
  groovy.lang.MetaClassImpl.invokeMethod(MetaClassImpl.java:822)
  io.restassured.internal.RequestSpecificationImpl.invokeMethod(RequestSpecificationImpl.groovy)
  org.codehaus.groovy.runtime.callsite.PogoInterceptableSite.call(PogoInterceptableSite.java:47)
  org.codehaus.groovy.runtime.callsite.PogoInterceptableSite.callCurrent(PogoInterceptableSite.java:57)
  org.codehaus.groovy.runtime.callsite.AbstractCallSite.callCurrent(AbstractCallSite.java:185)
  io.restassured.internal.RequestSpecificationImpl.get(RequestSpecificationImpl.groovy:171)
  io.restassured.internal.RequestSpecificationImpl.get(RequestSpecificationImpl.groovy)
  BaseTests.baseTests.requestSpec(baseTests.java:20)
  GetCountries.GetCountriesDetails.getAll(GetCountriesDetails.java:45)
  sun.reflect.NativeMethodAccessorImpl.invoke0(Native Method)
  sun.reflect.NativeMethodAccessorImpl.invoke(NativeMethodAccessorImpl.java:62)
  sun.reflect.DelegatingMethodAccessorImpl.invoke(DelegatingMethodAccessorImpl.java:43)
  java.lang.reflect.Method.invoke(Method.java:498)
  org.testng.internal.MethodInvocationHelper.invokeMethod(MethodInvocationHelper.java:124)
  org.testng.internal.Invoker.invokeMethod(Invoker.java:583)
  org.testng.internal.Invoker.invokeTestMethod(Invoker.java:719)
  org.testng.internal.Invoker.invokeTestMethods(Invoker.java:989)
  org.testng.internal.TestMethodWorker.invokeTestMethods(TestMethodWorker.java:125)
  org.testng.internal.TestMethodWorker.run(TestMethodWorker.java:109)
  org.testng.TestRunner.privateRun(TestRunner.java:648)
  org.testng.TestRunner.run(TestRunner.java:505)
  org.testng.SuiteRunner.runTest(SuiteRunner.java:455)
  org.testng.SuiteRunner.access$000(SuiteRunner.java:40)
  org.testng.SuiteRunner$SuiteWorker.run(SuiteRunner.java:489)
  org.testng.internal.thread.ThreadUtil$1.call(ThreadUtil.java:52)
  java.util.concurrent.FutureTask.run(FutureTask.java:266)
  java.util.concurrent.ThreadPoolExecutor.runWorker(ThreadPoolExecutor.java:1142)
  java.util.concurrent.ThreadPoolExecutor$Worker.run(ThreadPoolExecutor.java:617)
  java.lang.Thread.run(Thread.java:745)
]]>
      </failure>

          </testcase>
            <testcase name="validateUS" time="1.019" classname="GetCountries.GetCountriesDetails">
                <failure type="java.net.UnknownHostException"
                  message="services.groupkt.com"
              >
<![CDATA[java.net.UnknownHostException: services.groupkt.com
  java.net.Inet6AddressImpl.lookupAllHostAddr(Native Method)
  java.net.InetAddress$2.lookupAllHostAddr(InetAddress.java:928)
  java.net.InetAddress.getAddressesFromNameService(InetAddress.java:1323)
  java.net.InetAddress.getAllByName0(InetAddress.java:1276)
  java.net.InetAddress.getAllByName(InetAddress.java:1192)
  java.net.InetAddress.getAllByName(InetAddress.java:1126)
  org.apache.http.impl.conn.SystemDefaultDnsResolver.resolve(SystemDefaultDnsResolver.java:45)
  org.apache.http.impl.conn.DefaultClientConnectionOperator.resolveHostname(DefaultClientConnectionOperator.java:263)
  org.apache.http.impl.conn.DefaultClientConnectionOperator.openConnection(DefaultClientConnectionOperator.java:162)
  org.apache.http.impl.conn.ManagedClientConnectionImpl.open(ManagedClientConnectionImpl.java:326)
  org.apache.http.impl.client.DefaultRequestDirector.tryConnect(DefaultRequestDirector.java:610)
  org.apache.http.impl.client.DefaultRequestDirector.execute(DefaultRequestDirector.java:445)
  org.apache.http.impl.client.AbstractHttpClient.doExecute(AbstractHttpClient.java:835)
  org.apache.http.impl.client.CloseableHttpClient.execute(CloseableHttpClient.java:83)
  org.apache.http.impl.client.CloseableHttpClient.execute(CloseableHttpClient.java:56)
  org.apache.http.client.HttpClient$execute$0.call(Unknown Source)
  org.codehaus.groovy.runtime.callsite.CallSiteArray.defaultCall(CallSiteArray.java:47)
  org.codehaus.groovy.runtime.callsite.AbstractCallSite.call(AbstractCallSite.java:116)
  org.codehaus.groovy.runtime.callsite.AbstractCallSite.call(AbstractCallSite.java:136)
  io.restassured.internal.RequestSpecificationImpl$RestAssuredHttpBuilder.doRequest(RequestSpecificationImpl.groovy:2146)
  io.restassured.internal.http.HTTPBuilder.doRequest(HTTPBuilder.java:494)
  io.restassured.internal.http.HTTPBuilder.request(HTTPBuilder.java:451)
  io.restassured.internal.http.HTTPBuilder$request$2.call(Unknown Source)
  org.codehaus.groovy.runtime.callsite.CallSiteArray.defaultCall(CallSiteArray.java:47)
  org.codehaus.groovy.runtime.callsite.AbstractCallSite.call(AbstractCallSite.java:116)
  org.codehaus.groovy.runtime.callsite.AbstractCallSite.call(AbstractCallSite.java:152)
  io.restassured.internal.RequestSpecificationImpl.sendHttpRequest(RequestSpecificationImpl.groovy:1544)
  sun.reflect.NativeMethodAccessorImpl.invoke0(Native Method)
  sun.reflect.NativeMethodAccessorImpl.invoke(NativeMethodAccessorImpl.java:62)
  sun.reflect.DelegatingMethodAccessorImpl.invoke(DelegatingMethodAccessorImpl.java:43)
  java.lang.reflect.Method.invoke(Method.java:498)
  org.codehaus.groovy.reflection.CachedMethod.invoke(CachedMethod.java:98)
  groovy.lang.MetaMethod.doMethodInvoke(MetaMethod.java:325)
  groovy.lang.MetaClassImpl.invokeMethod(MetaClassImpl.java:1225)
  groovy.lang.MetaClassImpl.invokeMethod(MetaClassImpl.java:1034)
  groovy.lang.MetaClassImpl.invokeMethod(MetaClassImpl.java:822)
  io.restassured.internal.RequestSpecificationImpl.invokeMethod(RequestSpecificationImpl.groovy)
  org.codehaus.groovy.runtime.callsite.PogoInterceptableSite.call(PogoInterceptableSite.java:47)
  org.codehaus.groovy.runtime.callsite.PogoInterceptableSite.callCurrent(PogoInterceptableSite.java:57)
  org.codehaus.groovy.runtime.callsite.CallSiteArray.defaultCallCurrent(CallSiteArray.java:51)
  org.codehaus.groovy.runtime.callsite.AbstractCallSite.callCurrent(AbstractCallSite.java:157)
  io.restassured.internal.RequestSpecificationImpl.sendRequest(RequestSpecificationImpl.groovy:1293)
  sun.reflect.NativeMethodAccessorImpl.invoke0(Native Method)
  sun.reflect.NativeMethodAccessorImpl.invoke(NativeMethodAccessorImpl.java:62)
  sun.reflect.DelegatingMethodAccessorImpl.invoke(DelegatingMethodAccessorImpl.java:43)
  java.lang.reflect.Method.invoke(Method.java:498)
  org.codehaus.groovy.reflection.CachedMethod.invoke(CachedMethod.java:98)
  groovy.lang.MetaMethod.doMethodInvoke(MetaMethod.java:325)
  groovy.lang.MetaClassImpl.invokeMethod(MetaClassImpl.java:1225)
  groovy.lang.MetaClassImpl.invokeMethod(MetaClassImpl.java:1034)
  groovy.lang.MetaClassImpl.invokeMethod(MetaClassImpl.java:822)
  io.restassured.internal.RequestSpecificationImpl.invokeMethod(RequestSpecificationImpl.groovy)
  org.codehaus.groovy.runtime.callsite.PogoInterceptableSite.call(PogoInterceptableSite.java:47)
  org.codehaus.groovy.runtime.callsite.CallSiteArray.defaultCall(CallSiteArray.java:47)
  org.codehaus.groovy.runtime.callsite.AbstractCallSite.call(AbstractCallSite.java:116)
  org.codehaus.groovy.runtime.callsite.AbstractCallSite.call(AbstractCallSite.java:152)
  io.restassured.internal.filter.SendRequestFilter.filter(SendRequestFilter.groovy:30)
  io.restassured.filter.Filter$filter$0.call(Unknown Source)
  org.codehaus.groovy.runtime.callsite.CallSiteArray.defaultCall(CallSiteArray.java:47)
  io.restassured.filter.Filter$filter.call(Unknown Source)
  io.restassured.internal.filter.FilterContextImpl.next(FilterContextImpl.groovy:72)
  io.restassured.filter.time.TimingFilter.filter(TimingFilter.java:56)
  io.restassured.filter.Filter$filter.call(Unknown Source)
  org.codehaus.groovy.runtime.callsite.CallSiteArray.defaultCall(CallSiteArray.java:47)
  org.codehaus.groovy.runtime.callsite.AbstractCallSite.call(AbstractCallSite.java:116)
  org.codehaus.groovy.runtime.callsite.AbstractCallSite.call(AbstractCallSite.java:144)
  io.restassured.internal.filter.FilterContextImpl.next(FilterContextImpl.groovy:72)
  io.restassured.filter.FilterContext$next.call(Unknown Source)
  org.codehaus.groovy.runtime.callsite.CallSiteArray.defaultCall(CallSiteArray.java:47)
  org.codehaus.groovy.runtime.callsite.AbstractCallSite.call(AbstractCallSite.java:116)
  org.codehaus.groovy.runtime.callsite.AbstractCallSite.call(AbstractCallSite.java:136)
  io.restassured.internal.RequestSpecificationImpl.applyPathParamsAndSendRequest(RequestSpecificationImpl.groovy:1749)
  sun.reflect.NativeMethodAccessorImpl.invoke0(Native Method)
  sun.reflect.NativeMethodAccessorImpl.invoke(NativeMethodAccessorImpl.java:62)
  sun.reflect.DelegatingMethodAccessorImpl.invoke(DelegatingMethodAccessorImpl.java:43)
  java.lang.reflect.Method.invoke(Method.java:498)
  org.codehaus.groovy.reflection.CachedMethod.invoke(CachedMethod.java:98)
  groovy.lang.MetaMethod.doMethodInvoke(MetaMethod.java:325)
  groovy.lang.MetaClassImpl.invokeMethod(MetaClassImpl.java:1225)
  groovy.lang.MetaClassImpl.invokeMethod(MetaClassImpl.java:1034)
  groovy.lang.MetaClassImpl.invokeMethod(MetaClassImpl.java:822)
  io.restassured.internal.RequestSpecificationImpl.invokeMethod(RequestSpecificationImpl.groovy)
  org.codehaus.groovy.runtime.callsite.PogoInterceptableSite.call(PogoInterceptableSite.java:47)
  org.codehaus.groovy.runtime.callsite.PogoInterceptableSite.callCurrent(PogoInterceptableSite.java:57)
  org.codehaus.groovy.runtime.callsite.CallSiteArray.defaultCallCurrent(CallSiteArray.java:51)
  org.codehaus.groovy.runtime.callsite.AbstractCallSite.callCurrent(AbstractCallSite.java:157)
  org.codehaus.groovy.runtime.callsite.AbstractCallSite.callCurrent(AbstractCallSite.java:185)
  io.restassured.internal.RequestSpecificationImpl.applyPathParamsAndSendRequest(RequestSpecificationImpl.groovy:1755)
  sun.reflect.NativeMethodAccessorImpl.invoke0(Native Method)
  sun.reflect.NativeMethodAccessorImpl.invoke(NativeMethodAccessorImpl.java:62)
  sun.reflect.DelegatingMethodAccessorImpl.invoke(DelegatingMethodAccessorImpl.java:43)
  java.lang.reflect.Method.invoke(Method.java:498)
  org.codehaus.groovy.reflection.CachedMethod.invoke(CachedMethod.java:98)
  groovy.lang.MetaMethod.doMethodInvoke(MetaMethod.java:325)
  groovy.lang.MetaClassImpl.invokeMethod(MetaClassImpl.java:1225)
  groovy.lang.MetaClassImpl.invokeMethod(MetaClassImpl.java:1034)
  groovy.lang.MetaClassImpl.invokeMethod(MetaClassImpl.java:822)
  io.restassured.internal.RequestSpecificationImpl.invokeMethod(RequestSpecificationImpl.groovy)
  org.codehaus.groovy.runtime.callsite.PogoInterceptableSite.call(PogoInterceptableSite.java:47)
  org.codehaus.groovy.runtime.callsite.PogoInterceptableSite.callCurrent(PogoInterceptableSite.java:57)
  org.codehaus.groovy.runtime.callsite.CallSiteArray.defaultCallCurrent(CallSiteArray.java:51)
  org.codehaus.groovy.runtime.callsite.AbstractCallSite.callCurrent(AbstractCallSite.java:157)
  org.codehaus.groovy.runtime.callsite.AbstractCallSite.callCurrent(AbstractCallSite.java:185)
  io.restassured.internal.RequestSpecificationImpl.get(RequestSpecificationImpl.groovy:171)
  io.restassured.internal.RequestSpecificationImpl.get(RequestSpecificationImpl.groovy)
  BaseTests.baseTests.requestSpec(baseTests.java:20)
  GetCountries.GetCountriesDetails.validateUS(GetCountriesDetails.java:14)
  sun.reflect.NativeMethodAccessorImpl.invoke0(Native Method)
  sun.reflect.NativeMethodAccessorImpl.invoke(NativeMethodAccessorImpl.java:62)
  sun.reflect.DelegatingMethodAccessorImpl.invoke(DelegatingMethodAccessorImpl.java:43)
  java.lang.reflect.Method.invoke(Method.java:498)
  org.testng.internal.MethodInvocationHelper.invokeMethod(MethodInvocationHelper.java:124)
  org.testng.internal.Invoker.invokeMethod(Invoker.java:583)
  org.testng.internal.Invoker.invokeTestMethod(Invoker.java:719)
  org.testng.internal.Invoker.invokeTestMethods(Invoker.java:989)
  org.testng.internal.TestMethodWorker.invokeTestMethods(TestMethodWorker.java:125)
  org.testng.internal.TestMethodWorker.run(TestMethodWorker.java:109)
  org.testng.TestRunner.privateRun(TestRunner.java:648)
  org.testng.TestRunner.run(TestRunner.java:505)
  org.testng.SuiteRunner.runTest(SuiteRunner.java:455)
  org.testng.SuiteRunner.access$000(SuiteRunner.java:40)
  org.testng.SuiteRunner$SuiteWorker.run(SuiteRunner.java:489)
  org.testng.internal.thread.ThreadUtil$1.call(ThreadUtil.java:52)
  java.util.concurrent.FutureTask.run(FutureTask.java:266)
  java.util.concurrent.ThreadPoolExecutor.runWorker(ThreadPoolExecutor.java:1142)
  java.util.concurrent.ThreadPoolExecutor$Worker.run(ThreadPoolExecutor.java:617)
  java.lang.Thread.run(Thread.java:745)
]]>
      </failure>

          </testcase>
  
  
  
</testsuite>
