<?xml version="1.0" encoding="UTF-8"?>
<!-- Generated by org.testng.reporters.JUnitXMLReporter -->
<testsuite hostname="MNAYAK2L3" ignored="3" name="Default test" tests="1" failures="0" timestamp="20 Sep 2019 08:06:18 GMT" time="2.24" errors="0">
  <testcase name="addCountry" time="2.225" classname="GetCountries.GetCountriesDetails"/>
  <testcase name="getAll" time="0.0" classname="GetCountries.GetCountriesDetails">
    <ignored/>
  </testcase> <!-- getAll -->
  <testcase name="getnonExistingCountries" time="0.0" classname="GetCountries.GetCountriesDetails">
    <ignored/>
  </testcase> <!-- getnonExistingCountries -->
  <testcase name="validateUS" time="0.0" classname="GetCountries.GetCountriesDetails">
    <ignored/>
  </testcase> <!-- validateUS -->
</testsuite> <!-- Default test -->
